2023-05-25 14:58:41.280  INFO 45272 --- [main] ro.apxsoftware.demodoc.Application       : Starting Application v0.0.1.mono using Java 18.0.2.1 on LAPTOP-E7SHKH7I with PID 45272 (C:\Users\rtudosa\source\repos\DemoDocs\demo.doctors-1\target\demo.doctors-1-0.0.1.mono.jar started by rtudosa in C:\Users\rtudosa\Source\Repos\DemoDocs\demo.doctors-1\target)
2023-05-25 14:58:41.287 DEBUG 45272 --- [main] ro.apxsoftware.demodoc.Application       : Running with Spring Boot v2.5.2, Spring v5.3.8
2023-05-25 14:58:41.288  INFO 45272 --- [main] ro.apxsoftware.demodoc.Application       : The following profiles are active: dev
2023-05-25 14:58:44.297  INFO 45272 --- [main] .s.d.r.c.RepositoryConfigurationDelegate : Multiple Spring Data modules found, entering strict repository configuration mode!
2023-05-25 14:58:44.300  INFO 45272 --- [main] .s.d.r.c.RepositoryConfigurationDelegate : Bootstrapping Spring Data JDBC repositories in DEFAULT mode.
2023-05-25 14:58:44.368  INFO 45272 --- [main] .RepositoryConfigurationExtensionSupport : Spring Data JDBC - Could not safely identify store assignment for repository candidate interface ro.apxsoftware.demodoc.dao.AppointmentRepository. If you want this repository to be a JDBC repository, consider annotating your entities with one of these annotations: org.springframework.data.relational.core.mapping.Table.
2023-05-25 14:58:44.370  INFO 45272 --- [main] .RepositoryConfigurationExtensionSupport : Spring Data JDBC - Could not safely identify store assignment for repository candidate interface ro.apxsoftware.demodoc.dao.CompanyServiceRepository. If you want this repository to be a JDBC repository, consider annotating your entities with one of these annotations: org.springframework.data.relational.core.mapping.Table.
2023-05-25 14:58:44.379  INFO 45272 --- [main] .RepositoryConfigurationExtensionSupport : Spring Data JDBC - Could not safely identify store assignment for repository candidate interface ro.apxsoftware.demodoc.dao.ConfirmationTokenRepository. If you want this repository to be a JDBC repository, consider annotating your entities with one of these annotations: org.springframework.data.relational.core.mapping.Table.
2023-05-25 14:58:44.382  INFO 45272 --- [main] .RepositoryConfigurationExtensionSupport : Spring Data JDBC - Could not safely identify store assignment for repository candidate interface ro.apxsoftware.demodoc.dao.PersonRepository. If you want this repository to be a JDBC repository, consider annotating your entities with one of these annotations: org.springframework.data.relational.core.mapping.Table.
2023-05-25 14:58:44.385  INFO 45272 --- [main] .RepositoryConfigurationExtensionSupport : Spring Data JDBC - Could not safely identify store assignment for repository candidate interface ro.apxsoftware.demodoc.dao.ProfileImgRepository. If you want this repository to be a JDBC repository, consider annotating your entities with one of these annotations: org.springframework.data.relational.core.mapping.Table.
2023-05-25 14:58:44.394  INFO 45272 --- [main] .RepositoryConfigurationExtensionSupport : Spring Data JDBC - Could not safely identify store assignment for repository candidate interface ro.apxsoftware.demodoc.dao.RoleRepository. If you want this repository to be a JDBC repository, consider annotating your entities with one of these annotations: org.springframework.data.relational.core.mapping.Table.
2023-05-25 14:58:44.397  INFO 45272 --- [main] .RepositoryConfigurationExtensionSupport : Spring Data JDBC - Could not safely identify store assignment for repository candidate interface ro.apxsoftware.demodoc.dao.UserRepository. If you want this repository to be a JDBC repository, consider annotating your entities with one of these annotations: org.springframework.data.relational.core.mapping.Table.
2023-05-25 14:58:44.407  INFO 45272 --- [main] .s.d.r.c.RepositoryConfigurationDelegate : Finished Spring Data repository scanning in 93 ms. Found 0 JDBC repository interfaces.
2023-05-25 14:58:44.429  INFO 45272 --- [main] .s.d.r.c.RepositoryConfigurationDelegate : Multiple Spring Data modules found, entering strict repository configuration mode!
2023-05-25 14:58:44.436  INFO 45272 --- [main] .s.d.r.c.RepositoryConfigurationDelegate : Bootstrapping Spring Data JPA repositories in DEFAULT mode.
2023-05-25 14:58:44.724  INFO 45272 --- [main] .s.d.r.c.RepositoryConfigurationDelegate : Finished Spring Data repository scanning in 278 ms. Found 7 JPA repository interfaces.
2023-05-25 14:58:45.616 DEBUG 45272 --- [main] r.a.d.logging.ApplicationLoggerAspect    : 
 
 
 
2023-05-25 14:58:45.623 DEBUG 45272 --- [main] r.a.d.logging.ApplicationLoggerAspect    : ***************** BEFORE servletContainer EXECUTION**************** 
 ro.apxsoftware.demodoc.security.ServerConfig.servletContainer () with arguments[s] = []
2023-05-25 14:58:45.627 DEBUG 45272 --- [main] r.a.d.logging.ApplicationLoggerAspect    : __________________________________________________________ 
 
 
2023-05-25 14:58:45.773 DEBUG 45272 --- [main] r.a.d.logging.ApplicationLoggerAspect    : 
 
 
 
2023-05-25 14:58:45.773 DEBUG 45272 --- [main] r.a.d.logging.ApplicationLoggerAspect    : ***************** AFTER servletContainer EXECUTION**************** 
 ro.apxsoftware.demodoc.security.ServerConfig.servletContainer () with arguments[s] = []
2023-05-25 14:58:45.773 DEBUG 45272 --- [main] r.a.d.logging.ApplicationLoggerAspect    : __________________________________________________________ 
 
 
2023-05-25 14:58:46.281 DEBUG 45272 --- [main] r.a.demodoc.security.ServerConfig$1      : Code archive: C:\Users\rtudosa\source\repos\DemoDocs\demo.doctors-1\target\demo.doctors-1-0.0.1.mono.jar
2023-05-25 14:58:46.282 DEBUG 45272 --- [main] r.a.demodoc.security.ServerConfig$1      : Code archive: C:\Users\rtudosa\source\repos\DemoDocs\demo.doctors-1\target\demo.doctors-1-0.0.1.mono.jar
2023-05-25 14:58:46.283 DEBUG 45272 --- [main] r.a.demodoc.security.ServerConfig$1      : None of the document roots [src/main/webapp, public, static] point to a directory and will be ignored.
2023-05-25 14:58:46.345  INFO 45272 --- [main] o.s.b.w.embedded.tomcat.TomcatWebServer  : Tomcat initialized with port(s): 443 (https) 8080 (http)
2023-05-25 14:58:46.488  INFO 45272 --- [main] w.s.c.ServletWebServerApplicationContext : Root WebApplicationContext: initialization completed in 5029 ms
2023-05-25 14:59:09.414  INFO 45272 --- [main] j.LocalContainerEntityManagerFactoryBean : Initialized JPA EntityManagerFactory for persistence unit 'default'
2023-05-25 14:59:10.369 DEBUG 45272 --- [main] r.a.d.logging.ApplicationLoggerAspect    : 
 
 
 
2023-05-25 14:59:10.372 DEBUG 45272 --- [main] r.a.d.logging.ApplicationLoggerAspect    : ***************** BEFORE passwordEncoder EXECUTION**************** 
 ro.apxsoftware.demodoc.security.WebConfig.passwordEncoder () with arguments[s] = []
2023-05-25 14:59:10.376 DEBUG 45272 --- [main] r.a.d.logging.ApplicationLoggerAspect    : __________________________________________________________ 
 
 
2023-05-25 14:59:10.390 DEBUG 45272 --- [main] r.a.d.logging.ApplicationLoggerAspect    : 
 
 
 
2023-05-25 14:59:10.392 DEBUG 45272 --- [main] r.a.d.logging.ApplicationLoggerAspect    : ***************** AFTER passwordEncoder EXECUTION**************** 
 ro.apxsoftware.demodoc.security.WebConfig.passwordEncoder () with arguments[s] = []
2023-05-25 14:59:10.392 DEBUG 45272 --- [main] r.a.d.logging.ApplicationLoggerAspect    : __________________________________________________________ 
 
 
2023-05-25 14:59:11.101 DEBUG 45272 --- [main] r.a.d.logging.ApplicationLoggerAspect    : 
 
 
 
2023-05-25 14:59:11.102 DEBUG 45272 --- [main] r.a.d.logging.ApplicationLoggerAspect    : ***************** BEFORE authenticationManagerBean EXECUTION**************** 
 ro.apxsoftware.demodoc.security.SecurityConfiguration.authenticationManagerBean () with arguments[s] = []
2023-05-25 14:59:11.103 DEBUG 45272 --- [main] r.a.d.logging.ApplicationLoggerAspect    : __________________________________________________________ 
 
 
2023-05-25 14:59:11.116 DEBUG 45272 --- [main] r.a.d.logging.ApplicationLoggerAspect    : 
 
 
 
2023-05-25 14:59:11.118 DEBUG 45272 --- [main] r.a.d.logging.ApplicationLoggerAspect    : ***************** AFTER authenticationManagerBean EXECUTION**************** 
 ro.apxsoftware.demodoc.security.SecurityConfiguration.authenticationManagerBean () with arguments[s] = []
2023-05-25 14:59:11.119 DEBUG 45272 --- [main] r.a.d.logging.ApplicationLoggerAspect    : __________________________________________________________ 
 
 
2023-05-25 14:59:11.500 DEBUG 45272 --- [main] r.a.d.logging.ApplicationLoggerAspect    : 
 
 
 
2023-05-25 14:59:11.501 DEBUG 45272 --- [main] r.a.d.logging.ApplicationLoggerAspect    : ***************** BEFORE successHandler EXECUTION**************** 
 ro.apxsoftware.demodoc.security.SecurityConfiguration.successHandler () with arguments[s] = []
2023-05-25 14:59:11.501 DEBUG 45272 --- [main] r.a.d.logging.ApplicationLoggerAspect    : __________________________________________________________ 
 
 
2023-05-25 14:59:11.502 DEBUG 45272 --- [main] r.a.d.logging.ApplicationLoggerAspect    : 
 
 
 
2023-05-25 14:59:11.502 DEBUG 45272 --- [main] r.a.d.logging.ApplicationLoggerAspect    : ***************** AFTER successHandler EXECUTION**************** 
 ro.apxsoftware.demodoc.security.SecurityConfiguration.successHandler () with arguments[s] = []
2023-05-25 14:59:11.502 DEBUG 45272 --- [main] r.a.d.logging.ApplicationLoggerAspect    : __________________________________________________________ 
 
 
2023-05-25 14:59:11.674  INFO 45272 --- [main] o.s.s.web.DefaultSecurityFilterChain     : Will secure any request with [org.springframework.security.web.context.request.async.WebAsyncManagerIntegrationFilter@c9b5a99, org.springframework.security.web.context.SecurityContextPersistenceFilter@7741ae1b, org.springframework.security.web.header.HeaderWriterFilter@5e3db14, org.springframework.security.web.csrf.CsrfFilter@3b5a19ed, org.springframework.security.web.authentication.logout.LogoutFilter@284990de, org.springframework.security.web.authentication.UsernamePasswordAuthenticationFilter@3869a6e5, org.springframework.security.web.savedrequest.RequestCacheAwareFilter@124eb83d, org.springframework.security.web.servletapi.SecurityContextHolderAwareRequestFilter@4a22e4d7, org.springframework.security.web.authentication.rememberme.RememberMeAuthenticationFilter@13192275, org.springframework.security.web.authentication.AnonymousAuthenticationFilter@70be89ec, org.springframework.security.web.session.SessionManagementFilter@1ee40b5c, org.springframework.security.web.access.ExceptionTranslationFilter@1291aab5, org.springframework.security.web.access.intercept.FilterSecurityInterceptor@23e61112]
2023-05-25 14:59:12.599  INFO 45272 --- [main] o.s.b.a.w.s.WelcomePageHandlerMapping    : Adding welcome page template: index
2023-05-25 14:59:13.614  INFO 45272 --- [main] o.s.b.a.e.web.EndpointLinksResolver      : Exposing 1 endpoint(s) beneath base path '/actuator'
2023-05-25 14:59:13.866  INFO 45272 --- [main] o.s.b.w.embedded.tomcat.TomcatWebServer  : Tomcat started on port(s): 443 (https) 8080 (http) with context path ''
2023-05-25 14:59:13.883  INFO 45272 --- [main] ro.apxsoftware.demodoc.Application       : Started Application in 33.738 seconds (JVM running for 34.599)
