2021-09-09 00:00:23.197  INFO 9908 --- [Thread-231] j.LocalContainerEntityManagerFactoryBean : Closing JPA EntityManagerFactory for persistence unit 'default'
2021-09-09 00:00:23.802  INFO 9908 --- [restartedMain] ro.apxsoftware.demodoc.Application       : Starting Application using Java 15.0.1 on DESKTOP-626N0R4 with PID 9908 (C:\Users\rober\Documents\GitHub\demodoc2\demo.doctors-1\target\classes started by rober in C:\Users\rober\Documents\GitHub\demodoc2\demo.doctors-1)
2021-09-09 00:00:23.803 DEBUG 9908 --- [restartedMain] ro.apxsoftware.demodoc.Application       : Running with Spring Boot v2.5.2, Spring v5.3.8
2021-09-09 00:00:23.803  INFO 9908 --- [restartedMain] ro.apxsoftware.demodoc.Application       : The following profiles are active: dev
2021-09-09 00:00:24.102  INFO 9908 --- [restartedMain] .s.d.r.c.RepositoryConfigurationDelegate : Multiple Spring Data modules found, entering strict repository configuration mode!
2021-09-09 00:00:24.102  INFO 9908 --- [restartedMain] .s.d.r.c.RepositoryConfigurationDelegate : Bootstrapping Spring Data JDBC repositories in DEFAULT mode.
2021-09-09 00:00:24.116  INFO 9908 --- [restartedMain] .RepositoryConfigurationExtensionSupport : Spring Data JDBC - Could not safely identify store assignment for repository candidate interface ro.apxsoftware.demodoc.dao.AppointmentRepository. If you want this repository to be a JDBC repository, consider annotating your entities with one of these annotations: org.springframework.data.relational.core.mapping.Table.
2021-09-09 00:00:24.117  INFO 9908 --- [restartedMain] .RepositoryConfigurationExtensionSupport : Spring Data JDBC - Could not safely identify store assignment for repository candidate interface ro.apxsoftware.demodoc.dao.CompanyServiceRepository. If you want this repository to be a JDBC repository, consider annotating your entities with one of these annotations: org.springframework.data.relational.core.mapping.Table.
2021-09-09 00:00:24.117  INFO 9908 --- [restartedMain] .RepositoryConfigurationExtensionSupport : Spring Data JDBC - Could not safely identify store assignment for repository candidate interface ro.apxsoftware.demodoc.dao.ConfirmationTokenRepository. If you want this repository to be a JDBC repository, consider annotating your entities with one of these annotations: org.springframework.data.relational.core.mapping.Table.
2021-09-09 00:00:24.118  INFO 9908 --- [restartedMain] .RepositoryConfigurationExtensionSupport : Spring Data JDBC - Could not safely identify store assignment for repository candidate interface ro.apxsoftware.demodoc.dao.PersonRepository. If you want this repository to be a JDBC repository, consider annotating your entities with one of these annotations: org.springframework.data.relational.core.mapping.Table.
2021-09-09 00:00:24.119  INFO 9908 --- [restartedMain] .RepositoryConfigurationExtensionSupport : Spring Data JDBC - Could not safely identify store assignment for repository candidate interface ro.apxsoftware.demodoc.dao.ProfileImgRepository. If you want this repository to be a JDBC repository, consider annotating your entities with one of these annotations: org.springframework.data.relational.core.mapping.Table.
2021-09-09 00:00:24.120  INFO 9908 --- [restartedMain] .RepositoryConfigurationExtensionSupport : Spring Data JDBC - Could not safely identify store assignment for repository candidate interface ro.apxsoftware.demodoc.dao.RoleRepository. If you want this repository to be a JDBC repository, consider annotating your entities with one of these annotations: org.springframework.data.relational.core.mapping.Table.
2021-09-09 00:00:24.121  INFO 9908 --- [restartedMain] .RepositoryConfigurationExtensionSupport : Spring Data JDBC - Could not safely identify store assignment for repository candidate interface ro.apxsoftware.demodoc.dao.UserRepository. If you want this repository to be a JDBC repository, consider annotating your entities with one of these annotations: org.springframework.data.relational.core.mapping.Table.
2021-09-09 00:00:24.121  INFO 9908 --- [restartedMain] .s.d.r.c.RepositoryConfigurationDelegate : Finished Spring Data repository scanning in 19 ms. Found 0 JDBC repository interfaces.
2021-09-09 00:00:24.124  INFO 9908 --- [restartedMain] .s.d.r.c.RepositoryConfigurationDelegate : Multiple Spring Data modules found, entering strict repository configuration mode!
2021-09-09 00:00:24.124  INFO 9908 --- [restartedMain] .s.d.r.c.RepositoryConfigurationDelegate : Bootstrapping Spring Data JPA repositories in DEFAULT mode.
2021-09-09 00:00:24.145  INFO 9908 --- [restartedMain] .s.d.r.c.RepositoryConfigurationDelegate : Finished Spring Data repository scanning in 21 ms. Found 7 JPA repository interfaces.
2021-09-09 00:00:24.247 DEBUG 9908 --- [restartedMain] r.a.d.logging.ApplicationLoggerAspect    : 
 
 
 
2021-09-09 00:00:24.247 DEBUG 9908 --- [restartedMain] r.a.d.logging.ApplicationLoggerAspect    : ***************** BEFORE servletContainer EXECUTION**************** 
 ro.apxsoftware.demodoc.security.ServerConfig.servletContainer () with arguments[s] = []
2021-09-09 00:00:24.247 DEBUG 9908 --- [restartedMain] r.a.d.logging.ApplicationLoggerAspect    : __________________________________________________________ 
 
 
2021-09-09 00:00:24.250 DEBUG 9908 --- [restartedMain] r.a.d.logging.ApplicationLoggerAspect    : 
 
 
 
2021-09-09 00:00:24.250 DEBUG 9908 --- [restartedMain] r.a.d.logging.ApplicationLoggerAspect    : ***************** AFTER servletContainer EXECUTION**************** 
 ro.apxsoftware.demodoc.security.ServerConfig.servletContainer () with arguments[s] = []
2021-09-09 00:00:24.250 DEBUG 9908 --- [restartedMain] r.a.d.logging.ApplicationLoggerAspect    : __________________________________________________________ 
 
 
2021-09-09 00:00:24.307 DEBUG 9908 --- [restartedMain] r.a.demodoc.security.ServerConfig$1      : Code archive: C:\Users\rober\.m2\repository\org\springframework\boot\spring-boot\2.5.2\spring-boot-2.5.2.jar
2021-09-09 00:00:24.307 DEBUG 9908 --- [restartedMain] r.a.demodoc.security.ServerConfig$1      : Code archive: C:\Users\rober\.m2\repository\org\springframework\boot\spring-boot\2.5.2\spring-boot-2.5.2.jar
2021-09-09 00:00:24.307 DEBUG 9908 --- [restartedMain] r.a.demodoc.security.ServerConfig$1      : None of the document roots [src/main/webapp, public, static] point to a directory and will be ignored.
2021-09-09 00:00:24.339  INFO 9908 --- [restartedMain] o.s.b.w.embedded.tomcat.TomcatWebServer  : Tomcat initialized with port(s): 443 (https) 8080 (http)
2021-09-09 00:00:24.372  INFO 9908 --- [restartedMain] w.s.c.ServletWebServerApplicationContext : Root WebApplicationContext: initialization completed in 567 ms
2021-09-09 00:00:25.696  INFO 9908 --- [restartedMain] o.s.b.a.h2.H2ConsoleAutoConfiguration    : H2 console available at '/h2-console'. Database available at 'jdbc:mysql://209.159.147.190:3306/bpeople_demo_doctors?autoReconnect=true&serverTimezone=UTC'
2021-09-09 00:00:25.811  INFO 9908 --- [restartedMain] j.LocalContainerEntityManagerFactoryBean : Initialized JPA EntityManagerFactory for persistence unit 'default'
2021-09-09 00:00:26.065 DEBUG 9908 --- [restartedMain] r.a.d.logging.ApplicationLoggerAspect    : 
 
 
 
2021-09-09 00:00:26.065 DEBUG 9908 --- [restartedMain] r.a.d.logging.ApplicationLoggerAspect    : ***************** BEFORE passwordEncoder EXECUTION**************** 
 ro.apxsoftware.demodoc.security.WebConfig.passwordEncoder () with arguments[s] = []
2021-09-09 00:00:26.065 DEBUG 9908 --- [restartedMain] r.a.d.logging.ApplicationLoggerAspect    : __________________________________________________________ 
 
 
2021-09-09 00:00:26.069 DEBUG 9908 --- [restartedMain] r.a.d.logging.ApplicationLoggerAspect    : 
 
 
 
2021-09-09 00:00:26.069 DEBUG 9908 --- [restartedMain] r.a.d.logging.ApplicationLoggerAspect    : ***************** AFTER passwordEncoder EXECUTION**************** 
 ro.apxsoftware.demodoc.security.WebConfig.passwordEncoder () with arguments[s] = []
2021-09-09 00:00:26.069 DEBUG 9908 --- [restartedMain] r.a.d.logging.ApplicationLoggerAspect    : __________________________________________________________ 
 
 
2021-09-09 00:00:26.179 DEBUG 9908 --- [restartedMain] r.a.d.logging.ApplicationLoggerAspect    : 
 
 
 
2021-09-09 00:00:26.179 DEBUG 9908 --- [restartedMain] r.a.d.logging.ApplicationLoggerAspect    : ***************** BEFORE authenticationManagerBean EXECUTION**************** 
 ro.apxsoftware.demodoc.security.SecurityConfiguration.authenticationManagerBean () with arguments[s] = []
2021-09-09 00:00:26.179 DEBUG 9908 --- [restartedMain] r.a.d.logging.ApplicationLoggerAspect    : __________________________________________________________ 
 
 
2021-09-09 00:00:26.182 DEBUG 9908 --- [restartedMain] r.a.d.logging.ApplicationLoggerAspect    : 
 
 
 
2021-09-09 00:00:26.183 DEBUG 9908 --- [restartedMain] r.a.d.logging.ApplicationLoggerAspect    : ***************** AFTER authenticationManagerBean EXECUTION**************** 
 ro.apxsoftware.demodoc.security.SecurityConfiguration.authenticationManagerBean () with arguments[s] = []
2021-09-09 00:00:26.183 DEBUG 9908 --- [restartedMain] r.a.d.logging.ApplicationLoggerAspect    : __________________________________________________________ 
 
 
2021-09-09 00:00:26.196 DEBUG 9908 --- [restartedMain] r.a.d.logging.ApplicationLoggerAspect    : 
 
 
 
2021-09-09 00:00:26.196 DEBUG 9908 --- [restartedMain] r.a.d.logging.ApplicationLoggerAspect    : ***************** BEFORE successHandler EXECUTION**************** 
 ro.apxsoftware.demodoc.security.SecurityConfiguration.successHandler () with arguments[s] = []
2021-09-09 00:00:26.196 DEBUG 9908 --- [restartedMain] r.a.d.logging.ApplicationLoggerAspect    : __________________________________________________________ 
 
 
2021-09-09 00:00:26.196 DEBUG 9908 --- [restartedMain] r.a.d.logging.ApplicationLoggerAspect    : 
 
 
 
2021-09-09 00:00:26.196 DEBUG 9908 --- [restartedMain] r.a.d.logging.ApplicationLoggerAspect    : ***************** AFTER successHandler EXECUTION**************** 
 ro.apxsoftware.demodoc.security.SecurityConfiguration.successHandler () with arguments[s] = []
2021-09-09 00:00:26.196 DEBUG 9908 --- [restartedMain] r.a.d.logging.ApplicationLoggerAspect    : __________________________________________________________ 
 
 
2021-09-09 00:00:26.220  INFO 9908 --- [restartedMain] o.s.s.web.DefaultSecurityFilterChain     : Will secure any request with [org.springframework.security.web.context.request.async.WebAsyncManagerIntegrationFilter@44f03d2b, org.springframework.security.web.context.SecurityContextPersistenceFilter@3c2b7372, org.springframework.security.web.header.HeaderWriterFilter@589f9575, org.springframework.security.web.csrf.CsrfFilter@7940809f, org.springframework.security.web.authentication.logout.LogoutFilter@2a8346f5, org.springframework.security.web.authentication.UsernamePasswordAuthenticationFilter@2dca79f3, org.springframework.security.web.savedrequest.RequestCacheAwareFilter@3ab8415c, org.springframework.security.web.servletapi.SecurityContextHolderAwareRequestFilter@1e285f43, org.springframework.security.web.authentication.rememberme.RememberMeAuthenticationFilter@1b8c19c5, org.springframework.security.web.authentication.AnonymousAuthenticationFilter@57ff7ca3, org.springframework.security.web.session.SessionManagementFilter@411257b7, org.springframework.security.web.access.ExceptionTranslationFilter@2dd5681b, org.springframework.security.web.access.intercept.FilterSecurityInterceptor@5f2cdc3]
2021-09-09 00:00:26.334  INFO 9908 --- [restartedMain] o.s.b.a.w.s.WelcomePageHandlerMapping    : Adding welcome page template: index
2021-09-09 00:00:26.780  INFO 9908 --- [restartedMain] o.s.b.d.a.OptionalLiveReloadServer       : LiveReload server is running on port 35729
2021-09-09 00:00:26.783  INFO 9908 --- [restartedMain] o.s.b.a.e.web.EndpointLinksResolver      : Exposing 1 endpoint(s) beneath base path '/actuator'
2021-09-09 00:00:27.008  INFO 9908 --- [restartedMain] o.s.b.w.embedded.tomcat.TomcatWebServer  : Tomcat started on port(s): 443 (https) 8080 (http) with context path ''
2021-09-09 00:00:27.016  INFO 9908 --- [restartedMain] ro.apxsoftware.demodoc.Application       : Started Application in 3.243 seconds (JVM running for 20282.903)
2021-09-09 00:00:27.018  INFO 9908 --- [restartedMain] .ConditionEvaluationDeltaLoggingListener : Condition evaluation unchanged
2021-09-09 00:00:30.609  INFO 9908 --- [https-jsse-nio-443-exec-9] o.s.web.servlet.DispatcherServlet        : Initializing Servlet 'dispatcherServlet'
2021-09-09 00:00:30.610  INFO 9908 --- [https-jsse-nio-443-exec-9] o.s.web.servlet.DispatcherServlet        : Completed initialization in 1 ms
2021-09-09 00:00:30.613 DEBUG 9908 --- [https-jsse-nio-443-exec-9] r.a.d.logging.ApplicationLoggerAspect    : 
 
 
 
2021-09-09 00:00:30.613 DEBUG 9908 --- [https-jsse-nio-443-exec-9] r.a.d.logging.ApplicationLoggerAspect    : ***************** BEFORE showPacientAppointment EXECUTION**************** 
 ro.apxsoftware.demodoc.controllers.HomeController.showPacientAppointment () with arguments[s] = [36044627-b838-4325-a0cd-5839e7decd55, {person=ro.apxsoftware.demodoc.entities.Person@46a73fc3}, org.apache.catalina.session.StandardSessionFacade@5f86b5fc, SecurityContextHolderAwareRequestWrapper[ org.springframework.security.web.header.HeaderWriterFilter$HeaderWriterRequest@3193496a], null, {}]
2021-09-09 00:00:30.613 DEBUG 9908 --- [https-jsse-nio-443-exec-9] r.a.d.logging.ApplicationLoggerAspect    : __________________________________________________________ 
 
 
2021-09-09 00:00:33.592 DEBUG 9908 --- [https-jsse-nio-443-exec-9] r.a.d.logging.ApplicationLoggerAspect    : 
 
 
 
2021-09-09 00:00:33.708 DEBUG 9908 --- [https-jsse-nio-443-exec-9] r.a.d.logging.ApplicationLoggerAspect    : ***************** AFTER showPacientAppointment EXECUTION**************** 
 ro.apxsoftware.demodoc.controllers.HomeController.showPacientAppointment () with arguments[s] = [36044627-b838-4325-a0cd-5839e7decd55, {person=ro.apxsoftware.demodoc.entities.Person@46a73fc3, appointment=Appointment [appointmentId=335, date=2021-09-06, time=19:00, doctor=ro.apxsoftware.demodoc.entities.Person@46a73fc3, pacient=null], appointmentServices=[Extractie,Detartraj ], fixedTimes=[09:00, 10:00, 11:00, 12:00, 14:00, 15:00, 16:00, 17:00, 18:00], busyDates=[], doctors=[ro.apxsoftware.demodoc.entities.Person@46a73fc3, ro.apxsoftware.demodoc.entities.Person@46a73fc3, ro.apxsoftware.demodoc.entities.Person@46a73fc3]}, org.apache.catalina.session.StandardSessionFacade@5f86b5fc, SecurityContextHolderAwareRequestWrapper[ org.springframework.security.web.header.HeaderWriterFilter$HeaderWriterRequest@3193496a], null, {}]
2021-09-09 00:00:33.708 DEBUG 9908 --- [https-jsse-nio-443-exec-9] r.a.d.logging.ApplicationLoggerAspect    : __________________________________________________________ 
 
 
2021-09-09 00:00:39.353 DEBUG 9908 --- [https-jsse-nio-443-exec-8] r.a.d.logging.ApplicationLoggerAspect    : 
 
 
 
2021-09-09 00:00:39.353 DEBUG 9908 --- [https-jsse-nio-443-exec-8] r.a.d.logging.ApplicationLoggerAspect    : ***************** BEFORE cancelAppointment EXECUTION**************** 
 ro.apxsoftware.demodoc.controllers.ClientController.cancelAppointment () with arguments[s] = [36044627-b838-4325-a0cd-5839e7decd55, {person=ro.apxsoftware.demodoc.entities.Person@46a73fc3}, null, {}]
2021-09-09 00:00:39.353 DEBUG 9908 --- [https-jsse-nio-443-exec-8] r.a.d.logging.ApplicationLoggerAspect    : __________________________________________________________ 
 
 
2021-09-09 00:00:40.524 DEBUG 9908 --- [https-jsse-nio-443-exec-8] r.a.d.logging.ApplicationLoggerAspect    : 
 
 
 
2021-09-09 00:00:40.524 DEBUG 9908 --- [https-jsse-nio-443-exec-8] r.a.d.logging.ApplicationLoggerAspect    : ***************** AFTER cancelAppointment EXECUTION**************** 
 ro.apxsoftware.demodoc.controllers.ClientController.cancelAppointment () with arguments[s] = [36044627-b838-4325-a0cd-5839e7decd55, {person=ro.apxsoftware.demodoc.entities.Person@46a73fc3, doctorAppointments=[], canceledDoctorAppointments=[]}, null, {}]
2021-09-09 00:00:40.525 DEBUG 9908 --- [https-jsse-nio-443-exec-8] r.a.d.logging.ApplicationLoggerAspect    : __________________________________________________________ 
 
 
2021-09-09 00:00:40.532 DEBUG 9908 --- [https-jsse-nio-443-exec-7] r.a.d.logging.ApplicationLoggerAspect    : 
 
 
 
2021-09-09 00:00:40.532 DEBUG 9908 --- [https-jsse-nio-443-exec-7] r.a.d.logging.ApplicationLoggerAspect    : ***************** BEFORE displayIndex EXECUTION**************** 
 ro.apxsoftware.demodoc.controllers.HomeController.displayIndex () with arguments[s] = [{appointmentMade=Programarea dvs a fost anulata., person=ro.apxsoftware.demodoc.entities.Person@46a73fc3}, org.apache.catalina.session.StandardSessionFacade@5f86b5fc, null, {}]
2021-09-09 00:00:40.532 DEBUG 9908 --- [https-jsse-nio-443-exec-7] r.a.d.logging.ApplicationLoggerAspect    : __________________________________________________________ 
 
 
2021-09-09 00:00:43.276 DEBUG 9908 --- [https-jsse-nio-443-exec-7] r.a.d.logging.ApplicationLoggerAspect    : 
 
 
 
2021-09-09 00:00:43.276 DEBUG 9908 --- [https-jsse-nio-443-exec-7] r.a.d.logging.ApplicationLoggerAspect    : ***************** AFTER displayIndex EXECUTION**************** 
 ro.apxsoftware.demodoc.controllers.HomeController.displayIndex () with arguments[s] = [{appointmentMade=Programarea dvs a fost anulata., person=ro.apxsoftware.demodoc.entities.Person@46a73fc3, appointment=Appointment [appointmentId=0, date=null, time=null, doctor=null, pacient=null], fixedTimes=[09:00, 10:00, 11:00, 12:00, 14:00, 15:00, 16:00, 17:00, 18:00], busyDates=[], doctors=[ro.apxsoftware.demodoc.entities.Person@46a73fc3, ro.apxsoftware.demodoc.entities.Person@46a73fc3, ro.apxsoftware.demodoc.entities.Person@46a73fc3]}, org.apache.catalina.session.StandardSessionFacade@5f86b5fc, null, {}]
2021-09-09 00:00:43.278 DEBUG 9908 --- [https-jsse-nio-443-exec-7] r.a.d.logging.ApplicationLoggerAspect    : __________________________________________________________ 
 
 
2021-09-09 00:00:43.647 DEBUG 9908 --- [https-jsse-nio-443-exec-9] r.a.d.logging.ApplicationLoggerAspect    : 
 
 
 
2021-09-09 00:00:43.647 DEBUG 9908 --- [https-jsse-nio-443-exec-3] r.a.d.logging.ApplicationLoggerAspect    : 
 
 
 
2021-09-09 00:00:43.647 DEBUG 9908 --- [https-jsse-nio-443-exec-9] r.a.d.logging.ApplicationLoggerAspect    : ***************** BEFORE showLastProfileImg EXECUTION**************** 
 ro.apxsoftware.demodoc.controllers.ServiceProviderController.showLastProfileImg () with arguments[s] = [2]
2021-09-09 00:00:43.647 DEBUG 9908 --- [https-jsse-nio-443-exec-3] r.a.d.logging.ApplicationLoggerAspect    : ***************** BEFORE showLastProfileImg EXECUTION**************** 
 ro.apxsoftware.demodoc.controllers.ServiceProviderController.showLastProfileImg () with arguments[s] = [1]
2021-09-09 00:00:43.647 DEBUG 9908 --- [https-jsse-nio-443-exec-9] r.a.d.logging.ApplicationLoggerAspect    : __________________________________________________________ 
 
 
2021-09-09 00:00:43.647 DEBUG 9908 --- [https-jsse-nio-443-exec-3] r.a.d.logging.ApplicationLoggerAspect    : __________________________________________________________ 
 
 
2021-09-09 00:00:43.651 DEBUG 9908 --- [https-jsse-nio-443-exec-2] r.a.d.logging.ApplicationLoggerAspect    : 
 
 
 
2021-09-09 00:00:43.651 DEBUG 9908 --- [https-jsse-nio-443-exec-2] r.a.d.logging.ApplicationLoggerAspect    : ***************** BEFORE showLastProfileImg EXECUTION**************** 
 ro.apxsoftware.demodoc.controllers.ServiceProviderController.showLastProfileImg () with arguments[s] = [4]
2021-09-09 00:00:43.651 DEBUG 9908 --- [https-jsse-nio-443-exec-2] r.a.d.logging.ApplicationLoggerAspect    : __________________________________________________________ 
 
 
2021-09-09 00:00:44.369 DEBUG 9908 --- [https-jsse-nio-443-exec-3] r.a.d.logging.ApplicationLoggerAspect    : 
 
 
 
2021-09-09 00:00:44.369 DEBUG 9908 --- [https-jsse-nio-443-exec-3] r.a.d.logging.ApplicationLoggerAspect    : ***************** AFTER showLastProfileImg EXECUTION**************** 
 ro.apxsoftware.demodoc.controllers.ServiceProviderController.showLastProfileImg () with arguments[s] = [1]
2021-09-09 00:00:44.369 DEBUG 9908 --- [https-jsse-nio-443-exec-3] r.a.d.logging.ApplicationLoggerAspect    : __________________________________________________________ 
 
 
2021-09-09 00:00:44.597 DEBUG 9908 --- [https-jsse-nio-443-exec-9] r.a.d.logging.ApplicationLoggerAspect    : 
 
 
 
2021-09-09 00:00:44.597 DEBUG 9908 --- [https-jsse-nio-443-exec-9] r.a.d.logging.ApplicationLoggerAspect    : ***************** AFTER showLastProfileImg EXECUTION**************** 
 ro.apxsoftware.demodoc.controllers.ServiceProviderController.showLastProfileImg () with arguments[s] = [2]
2021-09-09 00:00:44.597 DEBUG 9908 --- [https-jsse-nio-443-exec-9] r.a.d.logging.ApplicationLoggerAspect    : __________________________________________________________ 
 
 
2021-09-09 00:00:44.602 DEBUG 9908 --- [https-jsse-nio-443-exec-2] r.a.d.logging.ApplicationLoggerAspect    : 
 
 
 
2021-09-09 00:00:44.603 DEBUG 9908 --- [https-jsse-nio-443-exec-2] r.a.d.logging.ApplicationLoggerAspect    : ***************** AFTER showLastProfileImg EXECUTION**************** 
 ro.apxsoftware.demodoc.controllers.ServiceProviderController.showLastProfileImg () with arguments[s] = [4]
2021-09-09 00:00:44.603 DEBUG 9908 --- [https-jsse-nio-443-exec-2] r.a.d.logging.ApplicationLoggerAspect    : __________________________________________________________ 
 
 
2021-09-09 00:02:10.309 DEBUG 9908 --- [https-jsse-nio-443-exec-4] r.a.d.logging.ApplicationLoggerAspect    : 
 
 
 
2021-09-09 00:02:10.310 DEBUG 9908 --- [https-jsse-nio-443-exec-4] r.a.d.logging.ApplicationLoggerAspect    : ***************** BEFORE showPacientAppointment EXECUTION**************** 
 ro.apxsoftware.demodoc.controllers.HomeController.showPacientAppointment () with arguments[s] = [36044627-b838-4325-a0cd-5839e7decd55, {person=ro.apxsoftware.demodoc.entities.Person@46a73fc3}, org.apache.catalina.session.StandardSessionFacade@5f86b5fc, SecurityContextHolderAwareRequestWrapper[ org.springframework.security.web.header.HeaderWriterFilter$HeaderWriterRequest@f70bafb], null, {}]
2021-09-09 00:02:10.310 DEBUG 9908 --- [https-jsse-nio-443-exec-4] r.a.d.logging.ApplicationLoggerAspect    : __________________________________________________________ 
 
 
2021-09-09 00:02:13.304 DEBUG 9908 --- [https-jsse-nio-443-exec-4] r.a.d.logging.ApplicationLoggerAspect    : 
 
 
 
2021-09-09 00:02:13.424 DEBUG 9908 --- [https-jsse-nio-443-exec-4] r.a.d.logging.ApplicationLoggerAspect    : ***************** AFTER showPacientAppointment EXECUTION**************** 
 ro.apxsoftware.demodoc.controllers.HomeController.showPacientAppointment () with arguments[s] = [36044627-b838-4325-a0cd-5839e7decd55, {person=ro.apxsoftware.demodoc.entities.Person@46a73fc3, appointment=Appointment [appointmentId=335, date=2021-09-06, time=19:00, doctor=ro.apxsoftware.demodoc.entities.Person@46a73fc3, pacient=null], appointmentServices=[Extractie,Detartraj ], fixedTimes=[09:00, 10:00, 11:00, 12:00, 14:00, 15:00, 16:00, 17:00, 18:00], busyDates=[], doctors=[ro.apxsoftware.demodoc.entities.Person@46a73fc3, ro.apxsoftware.demodoc.entities.Person@46a73fc3, ro.apxsoftware.demodoc.entities.Person@46a73fc3]}, org.apache.catalina.session.StandardSessionFacade@5f86b5fc, SecurityContextHolderAwareRequestWrapper[ org.springframework.security.web.header.HeaderWriterFilter$HeaderWriterRequest@f70bafb], null, {}]
2021-09-09 00:02:13.424 DEBUG 9908 --- [https-jsse-nio-443-exec-4] r.a.d.logging.ApplicationLoggerAspect    : __________________________________________________________ 
 
 
2021-09-09 00:04:12.909  INFO 9908 --- [RMI TCP Connection(169)-127.0.0.1] inMXBeanRegistrar$SpringApplicationAdmin : Application shutdown requested.
2021-09-09 00:04:12.999  INFO 9908 --- [RMI TCP Connection(169)-127.0.0.1] j.LocalContainerEntityManagerFactoryBean : Closing JPA EntityManagerFactory for persistence unit 'default'
